{"/Users/bwong/Desktop/dev/react-vite-with-jest-main/src/App.jsx": {"path":"/Users/bwong/Desktop/dev/react-vite-with-jest-main/src/App.jsx","statementMap":{"0":{"start":{"line":8,"column":28},"end":{"line":8,"column":39}},"1":{"start":{"line":10,"column":2},"end":{"line":34,"column":4}},"2":{"start":{"line":22,"column":31},"end":{"line":22,"column":61}},"3":{"start":{"line":22,"column":51},"end":{"line":22,"column":60}}},"fnMap":{"0":{"name":"App","decl":{"start":{"line":7,"column":9},"end":{"line":7,"column":12}},"loc":{"start":{"line":7,"column":15},"end":{"line":35,"column":1}},"line":7},"1":{"name":"(anonymous_1)","decl":{"start":{"line":22,"column":25},"end":{"line":22,"column":26}},"loc":{"start":{"line":22,"column":31},"end":{"line":22,"column":61}},"line":22},"2":{"name":"(anonymous_2)","decl":{"start":{"line":22,"column":40},"end":{"line":22,"column":41}},"loc":{"start":{"line":22,"column":51},"end":{"line":22,"column":60}},"line":22}},"branchMap":{},"s":{"0":1,"1":1,"2":0,"3":0},"f":{"0":1,"1":0,"2":0},"b":{},"_coverageSchema":"1a1c01bbd47fc00a2c39e90264f33305004495a9","hash":"bffaf1095b47451277ae7a0c28e975775fd2b2da"}
,"/Users/bwong/Desktop/dev/react-vite-with-jest-main/src/components/Test.jsx": {"path":"/Users/bwong/Desktop/dev/react-vite-with-jest-main/src/components/Test.jsx","statementMap":{"0":{"start":{"line":3,"column":13},"end":{"line":5,"column":1}},"1":{"start":{"line":4,"column":2},"end":{"line":4,"column":26}}},"fnMap":{"0":{"name":"(anonymous_0)","decl":{"start":{"line":3,"column":13},"end":{"line":3,"column":14}},"loc":{"start":{"line":3,"column":19},"end":{"line":5,"column":1}},"line":3}},"branchMap":{},"s":{"0":1,"1":1},"f":{"0":1},"b":{},"_coverageSchema":"1a1c01bbd47fc00a2c39e90264f33305004495a9","hash":"e2d6a2ebd23eb4aecd64672cb92fb299106b5957"}
,"/Users/bwong/Desktop/dev/react-vite-with-jest-main/src/test/fileMock.js": {"path":"/Users/bwong/Desktop/dev/react-vite-with-jest-main/src/test/fileMock.js","statementMap":{},"fnMap":{},"branchMap":{},"s":{},"f":{},"b":{},"_coverageSchema":"1a1c01bbd47fc00a2c39e90264f33305004495a9","hash":"52ec37f546c6256f48356eb2e8c9190380113f8a"}
}
